INFO: mock.py version 1.2.14 starting (python version = 3.6.5)...
Start: init plugins
INFO: selinux disabled
Finish: init plugins
Start: run
INFO: Start(results/memkind-1.7.0-2.src.rpm)  Config(clear)
Start: clean chroot
Finish: clean chroot
Start: chroot init
INFO: calling preinit hooks
INFO: enabled root cache
Start: unpacking root cache
Finish: unpacking root cache
INFO: enabled dnf cache
Start: cleaning dnf metadata
Finish: cleaning dnf metadata
INFO: enabled ccache
Mock Version: 1.2.14
INFO: Mock Version: 1.2.14
Start: dnf update
Finish: dnf update
Finish: chroot init
Start: build phase for memkind-1.7.0-2.src.rpm
Start: build setup for memkind-1.7.0-2.src.rpm
Finish: build setup for memkind-1.7.0-2.src.rpm
Start: rpmbuild memkind-1.7.0-2.src.rpm
Finish: rpmbuild memkind-1.7.0-2.src.rpm
Finish: build phase for memkind-1.7.0-2.src.rpm
INFO: Done(results/memkind-1.7.0-2.src.rpm) Config(clear) 0 minutes 39 seconds
INFO: Results and/or logs in: results/
Finish: run
